This is pTeX, Version 3.141592-p3.1.10 (utf8.euc) (Web2C 7.5.4) (format=platex 2010.5.30)  29 OCT 2010 23:50
**sample2.tex
(./sample2.tex
pLaTeX2e <2006/11/10>+0 (based on LaTeX2e <2003/12/01> patch level 0)
(/opt/local/share/texmf/ptex/platex/base/tarticle.cls
Document Class: tarticle 2006/06/27 v1.6 Standard pLaTeX class
\c@@paper=\count81
(/opt/local/share/texmf/ptex/platex/base/tsize10.clo
File: tsize10.clo 2006/06/27 v1.6 Standard pLaTeX file (size option)
)
(/opt/local/share/texmf/ptex/platex/base/plext.sty
Package: plext 
File: plext.dtx 2001/09/26 v1.2 pLaTeX package file
\@floatbox=\box41
\floatwidth=\dimen118
\floatheight=\dimen119
\floatruletick=\dimen120
\captionfloatsep=\dimen121
\captionwidth=\dimen122
\@captionbox=\box42
\save@ybaselineshift=\dimen123
\save@tbaselineshift=\dimen124
\@picwd=\dimen125
\rensujiskip=\skip41
)
\c@part=\count82
\c@section=\count83
\c@subsection=\count84
\c@subsubsection=\count85
\c@paragraph=\count86
\c@subparagraph=\count87
\c@figure=\count88
\c@table=\count89
\abovecaptionskip=\skip42
\belowcaptionskip=\skip43
\symmincho=\mathgroup4
LaTeX Font Info:    Overwriting symbol font `mincho' in version `bold'
(Font)                  JY1/mc/m/n --> JY1/gt/m/n on input line 605.
\toclineskip=\dimen126
\@lnumwidth=\dimen127
\bibindent=\dimen128
\heisei=\count90
)
(/opt/local/share/texmf-dist/tex/latex/graphics/graphicx.sty
Package: graphicx 1999/02/16 v1.0f Enhanced LaTeX Graphics (DPC,SPQR)

(/opt/local/share/texmf-dist/tex/latex/graphics/keyval.sty
Package: keyval 1999/03/16 v1.13 key=value parser (DPC)
\KV@toks@=\toks15
)
(/opt/local/share/texmf/tex/latex/graphics/dvipdfmx-contrib-latex/graphics.sty
Package: graphics 2001/07/07 v1.0n Standard LaTeX Graphics (DPC,SPQR)

(/opt/local/share/texmf-dist/tex/latex/graphics/trig.sty
Package: trig 1999/03/16 v1.09 sin cos tan (DPC)
)
(/opt/local/share/texmf-dist/tex/latex/graphics/graphics.cfg
File: graphics.cfg 2005/02/03 v1.3 graphics configuration of teTeX/TeXLive
)
Package graphics Info: Driver file: dvipdfmx.def on input line 81.

(/opt/local/share/texmf/tex/latex/graphics/dvipdfmx-contrib-latex/dvipdfmx.def
File: dvipdfmx.def 1999/02/16 v3.0i Driver-dependant file (DPC,SPQR)
))
\Gin@req@height=\dimen129
\Gin@req@width=\dimen130
) (./wallpaper.sty
Package: wallpaper 2005/01/18, v1.01 easy wallpaper formatting (MHFW)
 (/opt/local/share/texmf-dist/tex/latex/base/ifthen.sty
Package: ifthen 2001/05/26 v1.1c Standard LaTeX ifthen package (DPC)
)
(/opt/local/share/texmf-dist/tex/latex/tools/calc.sty
Package: calc 1998/07/07 v4.1b Infix arithmetic (KKT,FJ)
\calc@Acount=\count91
\calc@Bcount=\count92
\calc@Adimen=\dimen131
\calc@Bdimen=\dimen132
\calc@Askip=\skip44
\calc@Bskip=\skip45
LaTeX Info: Redefining \setlength on input line 59.
LaTeX Info: Redefining \addtolength on input line 60.
\calc@denominator=\count93
)
(/opt/local/share/texmf-dist/tex/latex/eso-pic/eso-pic.sty
Package: eso-pic 2002/11/16 v1.1b eso-pic (RN)

(/opt/local/share/texmf-dist/tex/latex/ms/everyshi.sty
Package: everyshi 2001/05/15 v3.00 EveryShipout Package (MS)
))
\wpXoffset=\skip46
\wpYoffset=\skip47
\tileXoffset=\skip48
\tileYoffset=\skip49
\tilewidth=\skip50
\tileheight=\skip51
\tileX=\skip52
\tileY=\skip53
)
(/opt/local/share/texmf-dist/tex/latex/tools/multicol.sty
Package: multicol 2004/02/14 v1.6e multicolumn formatting (FMi)
\c@tracingmulticols=\count94


Package multicol Warning: May not work with the twocolumn option on input line 
134.

\mult@box=\box43
\multicol@leftmargin=\dimen133
\c@unbalance=\count95
\c@collectmore=\count96
\doublecol@number=\count97
\multicoltolerance=\count98
\multicolpretolerance=\count99
\full@width=\dimen134
\page@free=\dimen135
\premulticols=\dimen136
\postmulticols=\dimen137
\multicolsep=\skip54
\multicolbaselineskip=\skip55
\partial@page=\box44
\last@line=\box45
\mult@rightbox=\box46
\mult@grightbox=\box47
\mult@gfirstbox=\box48
\mult@firstbox=\box49
\@tempa=\box50
\@tempa=\box51
\@tempa=\box52
\@tempa=\box53
\@tempa=\box54
\@tempa=\box55
\@tempa=\box56
\@tempa=\box57
\@tempa=\box58
\@tempa=\box59
\@tempa=\box60
\@tempa=\box61
\@tempa=\box62
\@tempa=\box63
\@tempa=\box64
\@tempa=\box65
\@tempa=\box66
\c@columnbadness=\count100
\c@finalcolumnbadness=\count101
\last@try=\dimen138
\multicolovershoot=\dimen139
\multicolundershoot=\dimen140
\mult@nat@firstbox=\box67
\colbreak@box=\box68
) (/opt/local/share/texmf/ptex/platex/otfstable/otf.sty
Package: otf 2010/03/25 v1.7b1 psitau
LaTeX Font Info:    Redeclaring symbol font `mincho' on input line 137.
LaTeX Font Info:    Overwriting symbol font `mincho' in version `normal'
(Font)                  JY1/mc/m/n --> JY1/hmc/m/n on input line 137.
LaTeX Font Info:    Overwriting symbol font `mincho' in version `bold'
(Font)                  JY1/gt/m/n --> JY1/hmc/m/n on input line 137.
LaTeX Font Info:    Redeclaring math alphabet \mathmc on input line 137.
LaTeX Font Info:    Overwriting symbol font `mincho' in version `bold'
(Font)                  JY1/hmc/m/n --> JY1/hmc/bx/n on input line 137.
LaTeX Font Info:    Redeclaring math alphabet \mathgt on input line 137.
LaTeX Font Info:    Overwriting math alphabet `\mathgt' in version `normal'
(Font)                  JY1/gt/m/n --> JY1/hgt/m/n on input line 137.
LaTeX Font Info:    Overwriting math alphabet `\mathgt' in version `bold'
(Font)                  JY1/gt/m/n --> JY1/hgt/m/n on input line 137.
LaTeX Font Info:    Overwriting math alphabet `\mathgt' in version `bold'
(Font)                  JY1/hgt/m/n --> JY1/hgt/bx/n on input line 137.

(/opt/local/share/texmf/ptex/platex/otfstable/ajmacros.sty
Package: ajmacros 2005/12/25 13:52 iNOUE Koich! <inoue@ma.ns.musashi-tech.ac.jp
>
\@tempcntc=\count102
\@tempcntd=\count103
\@tempcnte=\count104
\@tempcntf=\count105
))
LaTeX Font Info:    Font shape `JT1/hmc/m/n' will be
(Font)              scaled to size 11.54663pt on input line 26.
LaTeX Font Info:    Font shape `JY1/hmc/m/n' will be
(Font)              scaled to size 11.54663pt on input line 26.
 (./furikana.sty
Option Style `furikana' (ver1.02) <August 22, 2000> [S. Fujita]
藤田眞作「入門・縦横文書術」所載
LaTeX Font Info:    Font shape `JT1/hmc/m/n' will be
(Font)              scaled to size 5.77332pt on input line 80.
LaTeX Font Info:    Font shape `JY1/hmc/m/n' will be
(Font)              scaled to size 5.77332pt on input line 80.
\furikanaaki=\dimen141
\TestCnt=\count106
\TestCNT=\count107
) (./burasage.sty
burasage.sty v1.00b by S. Fujita, 2000/02/01
藤田眞作著「LaTeX本づくりの八衢」第4章参照
藤田眞作著「入門・縦横文書術」所載
\tenhang=\dimen142
\tenhangspace=\dimen143
\tenhang=\dimen144
\tenhangspace=\dimen145
) (./sample2.aux)
\openout1 = `sample2.aux'.

LaTeX Font Info:    Checking defaults for OML/cmm/m/it on input line 49.
LaTeX Font Info:    ... okay on input line 49.
LaTeX Font Info:    Checking defaults for T1/cmr/m/n on input line 49.
LaTeX Font Info:    ... okay on input line 49.
LaTeX Font Info:    Checking defaults for OT1/cmr/m/n on input line 49.
LaTeX Font Info:    ... okay on input line 49.
LaTeX Font Info:    Checking defaults for OMS/cmsy/m/n on input line 49.
LaTeX Font Info:    ... okay on input line 49.
LaTeX Font Info:    Checking defaults for OMX/cmex/m/n on input line 49.
LaTeX Font Info:    ... okay on input line 49.
LaTeX Font Info:    Checking defaults for U/cmr/m/n on input line 49.
LaTeX Font Info:    ... okay on input line 49.
LaTeX Font Info:    Checking defaults for JY1/mc/m/n on input line 49.
LaTeX Font Info:    ... okay on input line 49.
LaTeX Font Info:    Checking defaults for JT1/mc/m/n on input line 49.
LaTeX Font Info:    ... okay on input line 49.
 《縦組モード》 ABD: EveryShipout initializing macros
(/opt/local/share/texmf/tex/latex/graphics/dvipdfmx-contrib-latex/color.sty
Package: color 1999/02/16 v1.0i Standard LaTeX Color (DPC)

(/opt/local/share/texmf-dist/tex/latex/graphics/color.cfg
File: color.cfg 2005/02/03 v1.3 color configuration of teTeX/TeXLive
)
Package color Info: Driver file: dvips.def on input line 126.

(/opt/local/share/texmf-dist/tex/latex/graphics/dvips.def
File: dvips.def 1999/02/16 v3.0i Driver-dependant file (DPC,SPQR)
)
(/opt/local/share/texmf-dist/tex/latex/graphics/dvipsnam.def
File: dvipsnam.def 1999/02/16 v3.0i Driver-dependant file (DPC,SPQR)
))
LaTeX Font Info:    Font shape `JT1/hmc/m/n' will be
(Font)              scaled to size 23.09326pt on input line 52.
LaTeX Font Info:    Font shape `JY1/hmc/m/n' will be
(Font)              scaled to size 23.09326pt on input line 52.


LaTeX Font Warning: Font shape `OT1/cmr/m/n' in size <24> not available
(Font)              size <24.88> substituted on input line 52.

File: 1.pdf Graphic file (type eps)
<1.pdf>
LaTeX Font Info:    Font shape `JT1/hmc/m/n' will be
(Font)              scaled to size 9.6222pt on input line 69.
LaTeX Font Info:    Font shape `JY1/hmc/m/n' will be
(Font)              scaled to size 9.6222pt on input line 69.
 [1

]
File: 1.pdf Graphic file (type eps)
 <1.pdf> [2] [3

] (./sample2.aux)

LaTeX Font Warning: Size substitutions with differences
(Font)              up to 0.88pt have occurred.

 ) 
Here is how much of TeX's memory you used:
 2719 strings out of 94682
 33174 string characters out of 1177971
 99315 words of memory out of 1500000
 6016 multiletter control sequences out of 10000+50000
 9217 words of font info for 42 fonts, out of 1200000 for 2000
 566 hyphenation exceptions out of 8191
 28i,7n,26p,1125b,990s stack positions out of 5000i,500n,6000p,200000b,5000s

Output written on sample2.dvi (3 pages, 7664 bytes).
